{"name": "Проверяем кнопку Яндекс", "status": "broken", "statusDetails": {"message": "selenium.common.exceptions.TimeoutException: Message:", "trace": "self = <tests.test_icon_button.TestClickIcons object at 0x7f24bcda04d0>, driver = <selenium.webdriver.firefox.webdriver.WebDriver (session=\"2b7e2989-22c8-47cb-93a0-a2322a55aeda\")>\n\n    @allure.title('Проверяем кнопку Яндекс')\n    @allure.description('Проверка кнопки Яндекс')\n    def test_click_icon_yandex(self, driver):\n        main_page = MainPage(driver)\n        main_page.open_page(Urls.main_page)\n    \n        main_page.click_to_element(IconsLocators.YANDEX_ICON)\n        main_page.switch_to_window()\n>       main_page.wait_for_load_window(Urls.yandex_dzen)\n\ntests/test_icon_button.py:26: \n_ _ _ _ _ _ _ _ _ _ _ _ _ _ _ _ _ _ _ _ _ _ _ _ _ _ _ _ _ _ _ _ _ _ _ _ _ _ _ _ _ _ _ _ _ _ _ _ _ _ _ _ _ _ _ _ _ _ _ _ _ _ _ _ _ _ _ _ _ _ _ _ _ _ _ _ _ _ _ _ _ _ _ _ _ _ _ _ _ _ _ _ _ _ _ \npages/base_page.py:25: in wait_for_load_window\n    WebDriverWait(self.driver, 10).until(expected_conditions.url_to_be(link))\n_ _ _ _ _ _ _ _ _ _ _ _ _ _ _ _ _ _ _ _ _ _ _ _ _ _ _ _ _ _ _ _ _ _ _ _ _ _ _ _ _ _ _ _ _ _ _ _ _ _ _ _ _ _ _ _ _ _ _ _ _ _ _ _ _ _ _ _ _ _ _ _ _ _ _ _ _ _ _ _ _ _ _ _ _ _ _ _ _ _ _ _ _ _ _ \n\nself = <selenium.webdriver.support.wait.WebDriverWait (session=\"2b7e2989-22c8-47cb-93a0-a2322a55aeda\")>, method = <function url_to_be.<locals>._predicate at 0x7f24bcdc2ca0>, message = ''\n\n    def until(self, method, message: str = \"\"):\n        \"\"\"Calls the method provided with the driver as an argument until the \\\n        return value does not evaluate to ``False``.\n    \n        :param method: callable(WebDriver)\n        :param message: optional message for :exc:`TimeoutException`\n        :returns: the result of the last call to `method`\n        :raises: :exc:`selenium.common.exceptions.TimeoutException` if timeout occurs\n        \"\"\"\n        screen = None\n        stacktrace = None\n    \n        end_time = time.monotonic() + self._timeout\n        while True:\n            try:\n                value = method(self._driver)\n                if value:\n                    return value\n            except self._ignored_exceptions as exc:\n                screen = getattr(exc, \"screen\", None)\n                stacktrace = getattr(exc, \"stacktrace\", None)\n            time.sleep(self._poll)\n            if time.monotonic() > end_time:\n                break\n>       raise TimeoutException(message, screen, stacktrace)\nE       selenium.common.exceptions.TimeoutException: Message:\n\nvenv/lib/python3.11/site-packages/selenium/webdriver/support/wait.py:95: TimeoutException"}, "description": "Проверка кнопки Яндекс", "steps": [{"name": "Открывваем страницу по URL", "status": "passed", "parameters": [{"name": "url", "value": "'https://qa-scooter.praktikum-services.ru/'"}], "start": 1711959480041, "stop": 1711959481577}, {"name": "Ждем пока элемент не станет кликабельным и кликаем по нему", "status": "passed", "parameters": [{"name": "locator", "value": "('xpath', \"//a[@href='//yandex.ru']\")"}], "start": 1711959481577, "stop": 1711959481729}], "start": 1711959480041, "stop": 1711959491789, "uuid": "4715de53-a7a4-4f4a-a8d1-32f9524bc33a", "historyId": "d891a5a7845c44d1d592183295b6ce6d", "testCaseId": "d891a5a7845c44d1d592183295b6ce6d", "fullName": "tests.test_icon_button.TestClickIcons#test_click_icon_yandex", "labels": [{"name": "parentSuite", "value": "tests"}, {"name": "suite", "value": "test_icon_button"}, {"name": "subSuite", "value": "TestClickIcons"}, {"name": "host", "value": "debian"}, {"name": "thread", "value": "90883-MainThread"}, {"name": "framework", "value": "pytest"}, {"name": "language", "value": "cpython3"}, {"name": "package", "value": "tests.test_icon_button"}]}